<?xml version="1.0" encoding="UTF-8"?>
<!-- Generated by org.testng.reporters.JUnitReportReporter -->
<testsuite hostname="Rika" name="com.nlsinc.webservices.rest.SoapUIGoogleSearchTest" tests="1" failures="1" timestamp="18 Aug 2014 06:06:55 GMT" time="6.398" errors="0">
  <testcase name="testRunner" time="6.398" classname="com.nlsinc.webservices.rest.SoapUIGoogleSearchTest">
    <failure type="java.lang.Exception" message="XPath Match in [MyRequest] failed;
[XPathContains comparison failed for path [declare namespace ns1=&#039;https://ajax.googleapis.com/ajax/services/search/web&#039;;
//ns1:Response[1]/ns1:responseData[1]/ns1:cursor[1]/ns1:estimatedResultCount[1]], expecting [8770000], actual was [8450000]]
Status: FAILED
Time Taken: 0
Size: 0
Timestamp: Sun Aug 17 23:06:53 PDT 2014
TestStep: Assertion TestStep

----------------- Messages ------------------------------
[XPath Match] XPath Match  FAILED
XPath Match in [MyRequest] failed;
[XPathContains comparison failed for path [declare namespace ns1=&#039;https://ajax.googleapis.com/ajax/services/search/web&#039;;
//ns1:Response[1]/ns1:responseData[1]/ns1:cursor[1]/ns1:estimatedResultCount[1]], expecting [313000000], actual was [312000000]]
Status: FAILED
Time Taken: 0
Size: 0
Timestamp: Sun Aug 17 23:06:54 PDT 2014
TestStep: Assertion TestStep

----------------- Messages ------------------------------
[XPath Match] XPath Match  FAILED
XPath Match in [MyRequest] failed;
[XPathContains comparison failed for path [declare namespace ns1=&#039;https://ajax.googleapis.com/ajax/services/search/web&#039;;
//ns1:Response[1]/ns1:responseData[1]/ns1:cursor[1]/ns1:estimatedResultCount[1]], expecting [313000000], actual was [312000000]]
Status: FAILED
Time Taken: 0
Size: 0
Timestamp: Sun Aug 17 23:06:54 PDT 2014
TestStep: Assertion TestStep

----------------- Messages ------------------------------
[XPath Match] XPath Match  FAILED
XPath Match in [MyRequest] failed;
[XPathContains comparison failed for path [declare namespace ns1=&#039;https://ajax.googleapis.com/ajax/services/search/web&#039;;
//ns1:Response[1]/ns1:responseData[1]/ns1:cursor[1]/ns1:estimatedResultCount[1]], expecting [8770000], actual was [8450000]]
Status: FAILED
Time Taken: 0
Size: 0
Timestamp: Sun Aug 17 23:06:55 PDT 2014
TestStep: Assertion TestStep

----------------- Messages ------------------------------
[XPath Match] XPath Match  FAILED
">
      <![CDATA[java.lang.Exception: XPath Match in [MyRequest] failed;
[XPathContains comparison failed for path [declare namespace ns1='https://ajax.googleapis.com/ajax/services/search/web';
//ns1:Response[1]/ns1:responseData[1]/ns1:cursor[1]/ns1:estimatedResultCount[1]], expecting [8770000], actual was [8450000]]
Status: FAILED
Time Taken: 0
Size: 0
Timestamp: Sun Aug 17 23:06:53 PDT 2014
TestStep: Assertion TestStep

----------------- Messages ------------------------------
[XPath Match] XPath Match  FAILED
XPath Match in [MyRequest] failed;
[XPathContains comparison failed for path [declare namespace ns1='https://ajax.googleapis.com/ajax/services/search/web';
//ns1:Response[1]/ns1:responseData[1]/ns1:cursor[1]/ns1:estimatedResultCount[1]], expecting [313000000], actual was [312000000]]
Status: FAILED
Time Taken: 0
Size: 0
Timestamp: Sun Aug 17 23:06:54 PDT 2014
TestStep: Assertion TestStep

----------------- Messages ------------------------------
[XPath Match] XPath Match  FAILED
XPath Match in [MyRequest] failed;
[XPathContains comparison failed for path [declare namespace ns1='https://ajax.googleapis.com/ajax/services/search/web';
//ns1:Response[1]/ns1:responseData[1]/ns1:cursor[1]/ns1:estimatedResultCount[1]], expecting [313000000], actual was [312000000]]
Status: FAILED
Time Taken: 0
Size: 0
Timestamp: Sun Aug 17 23:06:54 PDT 2014
TestStep: Assertion TestStep

----------------- Messages ------------------------------
[XPath Match] XPath Match  FAILED
XPath Match in [MyRequest] failed;
[XPathContains comparison failed for path [declare namespace ns1='https://ajax.googleapis.com/ajax/services/search/web';
//ns1:Response[1]/ns1:responseData[1]/ns1:cursor[1]/ns1:estimatedResultCount[1]], expecting [8770000], actual was [8450000]]
Status: FAILED
Time Taken: 0
Size: 0
Timestamp: Sun Aug 17 23:06:55 PDT 2014
TestStep: Assertion TestStep

----------------- Messages ------------------------------
[XPath Match] XPath Match  FAILED

	at com.eviware.soapui.tools.SoapUITestCaseRunner.throwFailureException(SoapUITestCaseRunner.java:499)
	at com.eviware.soapui.tools.SoapUITestCaseRunner.runRunner(SoapUITestCaseRunner.java:415)
	at com.eviware.soapui.tools.AbstractSoapUIRunner.run(AbstractSoapUIRunner.java:188)
	at com.nlsinc.webservices.rest.SoapUIGoogleSearchTest.testRunner(SoapUIGoogleSearchTest.java:37)
	at sun.reflect.NativeMethodAccessorImpl.invoke0(Native Method)
	at sun.reflect.NativeMethodAccessorImpl.invoke(Unknown Source)
	at sun.reflect.DelegatingMethodAccessorImpl.invoke(Unknown Source)
	at java.lang.reflect.Method.invoke(Unknown Source)
	at org.testng.internal.MethodInvocationHelper.invokeMethod(MethodInvocationHelper.java:84)
	at org.testng.internal.Invoker.invokeMethod(Invoker.java:714)
	at org.testng.internal.Invoker.invokeTestMethod(Invoker.java:901)
	at org.testng.internal.Invoker.invokeTestMethods(Invoker.java:1231)
	at org.testng.internal.TestMethodWorker.invokeTestMethods(TestMethodWorker.java:127)
	at org.testng.internal.TestMethodWorker.run(TestMethodWorker.java:111)
	at org.testng.TestRunner.privateRun(TestRunner.java:767)
	at org.testng.TestRunner.run(TestRunner.java:617)
	at org.testng.SuiteRunner.runTest(SuiteRunner.java:334)
	at org.testng.SuiteRunner.runSequentially(SuiteRunner.java:329)
	at org.testng.SuiteRunner.privateRun(SuiteRunner.java:291)
	at org.testng.SuiteRunner.run(SuiteRunner.java:240)
	at org.testng.SuiteRunnerWorker.runSuite(SuiteRunnerWorker.java:52)
	at org.testng.SuiteRunnerWorker.run(SuiteRunnerWorker.java:86)
	at org.testng.TestNG.runSuitesSequentially(TestNG.java:1224)
	at org.testng.TestNG.runSuitesLocally(TestNG.java:1149)
	at org.testng.TestNG.run(TestNG.java:1057)
	at org.testng.remote.RemoteTestNG.run(RemoteTestNG.java:111)
	at org.testng.remote.RemoteTestNG.initAndRun(RemoteTestNG.java:204)
	at org.testng.remote.RemoteTestNG.main(RemoteTestNG.java:175)
]]>
    </failure>
  </testcase> <!-- testRunner -->
</testsuite> <!-- com.nlsinc.webservices.rest.SoapUIGoogleSearchTest -->
